16:02:23 INFO  : Platform repository initialization has completed.
16:02:23 INFO  : Registering command handlers for Vitis TCF services
16:02:23 INFO  : Launching XSCT server: xsct.bat -n  -interactive D:\Udi\DMA\Git\D2508\DMA\Software\temp_xsdb_launch_script.tcl
16:02:26 INFO  : XSCT server has started successfully.
16:02:29 INFO  : plnx-install-location is set to ''
16:02:29 INFO  : Successfully done setting XSCT server connection channel  
16:02:29 INFO  : Successfully done query RDI_DATADIR 
16:02:29 INFO  : Successfully done setting workspace for the tool. 
16:13:29 INFO  : Result from executing command 'getProjects': DMA_BD_wrapper
16:13:29 INFO  : Result from executing command 'getPlatforms': 
16:13:29 WARN  : An unexpected exception occurred in the module 'platform project logging'
16:13:29 INFO  : Platform 'DMA_BD_wrapper' is added to custom repositories.
16:13:38 INFO  : Platform 'DMA_BD_wrapper' is added to custom repositories.
16:17:58 INFO  : Result from executing command 'getProjects': DMA_BD_wrapper
16:17:58 INFO  : Result from executing command 'getPlatforms': DMA_BD_wrapper|D:/Udi/DMA/Git/D2508/DMA/Software/DMA_BD_wrapper/export/DMA_BD_wrapper/DMA_BD_wrapper.xpfm
16:17:59 INFO  : Checking for BSP changes to sync application flags for project 'DMA'...
16:18:34 INFO  : Connected to target on host '127.0.0.1' and port '3121'.
16:18:35 INFO  : Jtag cable 'Digilent Arty Z7 003017A6FEF8A' is selected.
16:18:35 INFO  : 'jtag frequency' command is executed.
16:18:35 INFO  : Context for 'APU' is selected.
16:18:35 INFO  : System reset is completed.
16:18:38 INFO  : 'after 3000' command is executed.
16:18:38 INFO  : 'targets -set -filter {jtag_cable_name =~ "Digilent Arty Z7 003017A6FEF8A" && level==0 && jtag_device_ctx=="jsn-Arty Z7-003017A6FEF8A-23727093-0"}' command is executed.
16:18:40 INFO  : Device configured successfully with "D:/Udi/DMA/Git/D2508/DMA/Software/DMA/_ide/bitstream/DMA_BD_wrapper.bit"
16:18:40 INFO  : Context for 'APU' is selected.
16:18:40 INFO  : Hardware design and registers information is loaded from 'D:/Udi/DMA/Git/D2508/DMA/Software/DMA_BD_wrapper/export/DMA_BD_wrapper/hw/DMA_BD_wrapper.xsa'.
16:18:40 INFO  : 'configparams force-mem-access 1' command is executed.
16:18:40 INFO  : Context for 'APU' is selected.
16:18:40 INFO  : Sourcing of 'D:/Udi/DMA/Git/D2508/DMA/Software/DMA/_ide/psinit/ps7_init.tcl' is done.
16:18:41 INFO  : 'ps7_init' command is executed.
16:18:41 INFO  : 'ps7_post_config' command is executed.
16:18:41 INFO  : Context for processor 'ps7_cortexa9_0' is selected.
16:18:41 INFO  : The application 'D:/Udi/DMA/Git/D2508/DMA/Software/DMA/Debug/DMA.elf' is downloaded to processor 'ps7_cortexa9_0'.
16:18:41 INFO  : 'configparams force-mem-access 0' command is executed.
16:18:41 INFO  : ----------------XSDB Script----------------
connect -url tcp:127.0.0.1:3121
targets -set -nocase -filter {name =~"APU*"}
rst -system
after 3000
targets -set -filter {jtag_cable_name =~ "Digilent Arty Z7 003017A6FEF8A" && level==0 && jtag_device_ctx=="jsn-Arty Z7-003017A6FEF8A-23727093-0"}
fpga -file D:/Udi/DMA/Git/D2508/DMA/Software/DMA/_ide/bitstream/DMA_BD_wrapper.bit
targets -set -nocase -filter {name =~"APU*"}
loadhw -hw D:/Udi/DMA/Git/D2508/DMA/Software/DMA_BD_wrapper/export/DMA_BD_wrapper/hw/DMA_BD_wrapper.xsa -mem-ranges [list {0x40000000 0xbfffffff}] -regs
configparams force-mem-access 1
targets -set -nocase -filter {name =~"APU*"}
source D:/Udi/DMA/Git/D2508/DMA/Software/DMA/_ide/psinit/ps7_init.tcl
ps7_init
ps7_post_config
targets -set -nocase -filter {name =~ "*A9*#0"}
dow D:/Udi/DMA/Git/D2508/DMA/Software/DMA/Debug/DMA.elf
configparams force-mem-access 0
----------------End of Script----------------

16:18:41 INFO  : Context for processor 'ps7_cortexa9_0' is selected.
16:18:41 INFO  : 'con' command is executed.
16:18:41 INFO  : ----------------XSDB Script (After Launch)----------------
targets -set -nocase -filter {name =~ "*A9*#0"}
con
----------------End of Script----------------

16:18:41 INFO  : Launch script is exported to file 'D:\Udi\DMA\Git\D2508\DMA\Software\DMA_system\_ide\scripts\debugger_dma-default.tcl'
